<?xml version="1.0" encoding="UTF-8"?>
<testng-results skipped="0" failed="0" total="5" passed="5">
  <reporter-output>
    <line>
      <![CDATA[User Name Entered Successfully]]>
    </line>
    <line>
      <![CDATA[Password Entered Successfully]]>
    </line>
    <line>
      <![CDATA[Login Is Clicked Successfully]]>
    </line>
    <line>
      <![CDATA[Entered UserName Successfully]]>
    </line>
    <line>
      <![CDATA[Password Entered Successfully]]>
    </line>
    <line>
      <![CDATA[Login Button Is Clicked Successfully]]>
    </line>
    <line>
      <![CDATA[The Element With //select[@id='location'] Is Selected Index Values is 2]]>
    </line>
    <line>
      <![CDATA[The Element With //select[@id='hotels'] Is Selected Index Values is 1]]>
    </line>
    <line>
      <![CDATA[The Element With //select[@id='room_type'] Is Selected Index Values is 3]]>
    </line>
    <line>
      <![CDATA[The Element With //select[@id='room_nos'] Is Selected Index Values is 5]]>
    </line>
    <line>
      <![CDATA[The data: 10/05/2021 entered successfully in field ://input[@id='datepick_in']]]>
    </line>
    <line>
      <![CDATA[The data: 15/05/2021 entered successfully in field ://input[@id='datepick_out']]]>
    </line>
    <line>
      <![CDATA[The Element With //select[@id='adult_room'] Is Selected Index Values is 2]]>
    </line>
    <line>
      <![CDATA[The Element With //select[@id='child_room'] Is Selected Index Values is 2]]>
    </line>
    <line>
      <![CDATA[Search Option Is Clicked Successfully]]>
    </line>
    <line>
      <![CDATA[Hotel Is Clicked Successfully]]>
    </line>
    <line>
      <![CDATA[Continue Is Clicked Successfully]]>
    </line>
    <line>
      <![CDATA[Entered UserName Successfully]]>
    </line>
    <line>
      <![CDATA[Password Entered Successfully]]>
    </line>
    <line>
      <![CDATA[Login Button Is Clicked Successfully]]>
    </line>
    <line>
      <![CDATA[The Element With //select[@id='location'] Is Selected Index Values is 2]]>
    </line>
    <line>
      <![CDATA[The Element With //select[@id='hotels'] Is Selected Index Values is 1]]>
    </line>
    <line>
      <![CDATA[The Element With //select[@id='room_type'] Is Selected Index Values is 3]]>
    </line>
    <line>
      <![CDATA[The Element With //select[@id='room_nos'] Is Selected Index Values is 5]]>
    </line>
    <line>
      <![CDATA[The data: 10/05/2021 entered successfully in field ://input[@id='datepick_in']]]>
    </line>
    <line>
      <![CDATA[The data: 15/05/2021 entered successfully in field ://input[@id='datepick_out']]]>
    </line>
    <line>
      <![CDATA[The Element With //select[@id='adult_room'] Is Selected Index Values is 2]]>
    </line>
    <line>
      <![CDATA[The Element With //select[@id='child_room'] Is Selected Index Values is 2]]>
    </line>
    <line>
      <![CDATA[Search Option Is Clicked Successfully]]>
    </line>
    <line>
      <![CDATA[Hotel Is Clicked Successfully]]>
    </line>
    <line>
      <![CDATA[Continue Is Clicked Successfully]]>
    </line>
    <line>
      <![CDATA[The data: User entered successfully in field ://input[@id='first_name']]]>
    </line>
    <line>
      <![CDATA[The data: Demo entered successfully in field ://input[@id='last_name']]]>
    </line>
    <line>
      <![CDATA[The data: Chennai entered successfully in field ://textarea[@id='address']]]>
    </line>
    <line>
      <![CDATA[The data: 4444555566661111 entered successfully in field ://input[@id='cc_num']]]>
    </line>
    <line>
      <![CDATA[The Element With //select[@id='cc_type'] Is Selected Index Values is 2]]>
    </line>
    <line>
      <![CDATA[The Element With //select[@id='cc_exp_month'] Is Selected Index Values is 2]]>
    </line>
    <line>
      <![CDATA[The Element With //select[@id='cc_exp_year'] Is Selected Index Values is 12]]>
    </line>
    <line>
      <![CDATA[The data: 1234 entered successfully in field ://input[@id='cc_cvv']]]>
    </line>
    <line>
      <![CDATA[BookNow Option Is Clicked Successfully]]>
    </line>
    <line>
      <![CDATA[Entered UserName Successfully]]>
    </line>
    <line>
      <![CDATA[Password Entered Successfully]]>
    </line>
    <line>
      <![CDATA[Login Button Is Clicked Successfully]]>
    </line>
    <line>
      <![CDATA[The Element With //select[@id='location'] Is Selected Index Values is 2]]>
    </line>
    <line>
      <![CDATA[The Element With //select[@id='hotels'] Is Selected Index Values is 1]]>
    </line>
    <line>
      <![CDATA[The Element With //select[@id='room_type'] Is Selected Index Values is 3]]>
    </line>
    <line>
      <![CDATA[The Element With //select[@id='room_nos'] Is Selected Index Values is 5]]>
    </line>
    <line>
      <![CDATA[The data: 10/05/2021 entered successfully in field ://input[@id='datepick_in']]]>
    </line>
    <line>
      <![CDATA[The data: 15/05/2021 entered successfully in field ://input[@id='datepick_out']]]>
    </line>
    <line>
      <![CDATA[The Element With //select[@id='adult_room'] Is Selected Index Values is 2]]>
    </line>
    <line>
      <![CDATA[The Element With //select[@id='child_room'] Is Selected Index Values is 2]]>
    </line>
    <line>
      <![CDATA[Search Option Is Clicked Successfully]]>
    </line>
    <line>
      <![CDATA[Hotel Is Clicked Successfully]]>
    </line>
    <line>
      <![CDATA[Continue Is Clicked Successfully]]>
    </line>
    <line>
      <![CDATA[The data: User entered successfully in field ://input[@id='first_name']]]>
    </line>
    <line>
      <![CDATA[The data: Demo entered successfully in field ://input[@id='last_name']]]>
    </line>
    <line>
      <![CDATA[The data: Chennai entered successfully in field ://textarea[@id='address']]]>
    </line>
    <line>
      <![CDATA[The data: 4444555566661111 entered successfully in field ://input[@id='cc_num']]]>
    </line>
    <line>
      <![CDATA[The Element With //select[@id='cc_type'] Is Selected Index Values is 2]]>
    </line>
    <line>
      <![CDATA[The Element With //select[@id='cc_exp_month'] Is Selected Index Values is 2]]>
    </line>
    <line>
      <![CDATA[The Element With //select[@id='cc_exp_year'] Is Selected Index Values is 12]]>
    </line>
    <line>
      <![CDATA[The data: 1234 entered successfully in field ://input[@id='cc_cvv']]]>
    </line>
    <line>
      <![CDATA[BookNow Option Is Clicked Successfully]]>
    </line>
    <line>
      <![CDATA[MyItinerary Option Is Clicked Successfully]]>
    </line>
    <line>
      <![CDATA[The data: DW88XD9JF8 entered successfully in field ://input[@id='order_id_text']]]>
    </line>
    <line>
      <![CDATA[Go Option Is Clicked Successfully]]>
    </line>
    <line>
      <![CDATA[Cancel ID Is Clicked]]>
    </line>
    <line>
      <![CDATA[Cancel option Is Clicked]]>
    </line>
    <line>
      <![CDATA[Logout option Is Clicked]]>
    </line>
    <line>
      <![CDATA[Actual Result Is You have successfully logged out. Click here to login again Matched with Expected]]>
    </line>
    <line>
      <![CDATA[Entered UserName Successfully]]>
    </line>
    <line>
      <![CDATA[Password Entered Successfully]]>
    </line>
    <line>
      <![CDATA[Login Button Is Clicked Successfully]]>
    </line>
    <line>
      <![CDATA[The Element With //select[@id='location'] Is Selected Index Values is 2]]>
    </line>
    <line>
      <![CDATA[The Element With //select[@id='hotels'] Is Selected Index Values is 1]]>
    </line>
    <line>
      <![CDATA[The Element With //select[@id='room_type'] Is Selected Index Values is 3]]>
    </line>
    <line>
      <![CDATA[The Element With //select[@id='room_nos'] Is Selected Index Values is 5]]>
    </line>
    <line>
      <![CDATA[The data: 10/05/2021 entered successfully in field ://input[@id='datepick_in']]]>
    </line>
    <line>
      <![CDATA[The data: 15/05/2021 entered successfully in field ://input[@id='datepick_out']]]>
    </line>
    <line>
      <![CDATA[The Element With //select[@id='adult_room'] Is Selected Index Values is 2]]>
    </line>
    <line>
      <![CDATA[The Element With //select[@id='child_room'] Is Selected Index Values is 2]]>
    </line>
    <line>
      <![CDATA[Search Option Is Clicked Successfully]]>
    </line>
    <line>
      <![CDATA[Hotel Is Clicked Successfully]]>
    </line>
    <line>
      <![CDATA[Continue Is Clicked Successfully]]>
    </line>
    <line>
      <![CDATA[The data: User entered successfully in field ://input[@id='first_name']]]>
    </line>
    <line>
      <![CDATA[The data: Demo entered successfully in field ://input[@id='last_name']]]>
    </line>
    <line>
      <![CDATA[The data: Chennai entered successfully in field ://textarea[@id='address']]]>
    </line>
    <line>
      <![CDATA[The data: 4444555566661111 entered successfully in field ://input[@id='cc_num']]]>
    </line>
    <line>
      <![CDATA[The Element With //select[@id='cc_type'] Is Selected Index Values is 2]]>
    </line>
    <line>
      <![CDATA[The Element With //select[@id='cc_exp_month'] Is Selected Index Values is 2]]>
    </line>
    <line>
      <![CDATA[The Element With //select[@id='cc_exp_year'] Is Selected Index Values is 12]]>
    </line>
    <line>
      <![CDATA[The data: 1234 entered successfully in field ://input[@id='cc_cvv']]]>
    </line>
    <line>
      <![CDATA[BookNow Option Is Clicked Successfully]]>
    </line>
    <line>
      <![CDATA[Search Option Is Clicked Successfully]]>
    </line>
    <line>
      <![CDATA[The Element With //select[@id='location'] Is Selected Index Values is 2]]>
    </line>
    <line>
      <![CDATA[The Element With //select[@id='hotels'] Is Selected Index Values is 1]]>
    </line>
    <line>
      <![CDATA[The Element With //select[@id='room_type'] Is Selected Index Values is 3]]>
    </line>
    <line>
      <![CDATA[The Element With //select[@id='room_nos'] Is Selected Index Values is 5]]>
    </line>
    <line>
      <![CDATA[The data: 10/05/2021 entered successfully in field ://input[@id='datepick_in']]]>
    </line>
    <line>
      <![CDATA[The data: 15/05/2021 entered successfully in field ://input[@id='datepick_out']]]>
    </line>
    <line>
      <![CDATA[The Element With //select[@id='adult_room'] Is Selected Index Values is 2]]>
    </line>
    <line>
      <![CDATA[The Element With //select[@id='child_room'] Is Selected Index Values is 2]]>
    </line>
    <line>
      <![CDATA[Search Option Is Clicked Successfully]]>
    </line>
    <line>
      <![CDATA[Hotel Is Clicked Successfully]]>
    </line>
    <line>
      <![CDATA[Continue Is Clicked Successfully]]>
    </line>
    <line>
      <![CDATA[The data: User entered successfully in field ://input[@id='first_name']]]>
    </line>
    <line>
      <![CDATA[The data: Demo entered successfully in field ://input[@id='last_name']]]>
    </line>
    <line>
      <![CDATA[The data: Chennai entered successfully in field ://textarea[@id='address']]]>
    </line>
    <line>
      <![CDATA[The data: 4444555566661111 entered successfully in field ://input[@id='cc_num']]]>
    </line>
    <line>
      <![CDATA[The Element With //select[@id='cc_type'] Is Selected Index Values is 2]]>
    </line>
    <line>
      <![CDATA[The Element With //select[@id='cc_exp_month'] Is Selected Index Values is 2]]>
    </line>
    <line>
      <![CDATA[The Element With //select[@id='cc_exp_year'] Is Selected Index Values is 12]]>
    </line>
    <line>
      <![CDATA[The data: 1234 entered successfully in field ://input[@id='cc_cvv']]]>
    </line>
    <line>
      <![CDATA[BookNow Option Is Clicked Successfully]]>
    </line>
    <line>
      <![CDATA[MyItinerary Option Is Clicked Successfully]]>
    </line>
    <line>
      <![CDATA[The data: 2XI7F64S1G entered successfully in field ://input[@id='order_id_text']]]>
    </line>
    <line>
      <![CDATA[Go Option Is Clicked Successfully]]>
    </line>
  </reporter-output>
  <suite name="Suite" duration-ms="0" started-at="2021-05-08T10:06:49Z" finished-at="2021-05-08T10:06:49Z">
    <groups>
    </groups>
  </suite> <!-- Suite -->
  <suite name="Suite (1)" duration-ms="7473" started-at="2021-05-08T10:05:19Z" finished-at="2021-05-08T10:05:27Z">
    <groups>
    </groups>
    <test name="Search Hotel" duration-ms="7473" started-at="2021-05-08T10:05:19Z" finished-at="2021-05-08T10:05:27Z">
      <class name="com.hotelApp.testCases.Login_SearchHotel">
        <test-method status="PASS" signature="launchBrowser()[pri:0, instance:com.hotelApp.testCases.Login_SearchHotel@4cf777e8]" name="launchBrowser" is-config="true" duration-ms="7540" started-at="2021-05-08T15:35:12Z" finished-at="2021-05-08T15:35:19Z">
          <reporter-output>
          </reporter-output>
        </test-method> <!-- launchBrowser -->
        <test-method status="PASS" signature="extentConfig()[pri:0, instance:com.hotelApp.testCases.Login_SearchHotel@4cf777e8]" name="extentConfig" is-config="true" duration-ms="3" started-at="2021-05-08T15:35:19Z" finished-at="2021-05-08T15:35:19Z">
          <reporter-output>
          </reporter-output>
        </test-method> <!-- extentConfig -->
        <test-method status="PASS" signature="setValue()[pri:0, instance:com.hotelApp.testCases.Login_SearchHotel@4cf777e8]" name="setValue" is-config="true" duration-ms="0" started-at="2021-05-08T15:35:19Z" finished-at="2021-05-08T15:35:19Z">
          <reporter-output>
          </reporter-output>
        </test-method> <!-- setValue -->
        <test-method status="PASS" signature="ObjectProperties()[pri:0, instance:com.hotelApp.testCases.Login_SearchHotel@4cf777e8]" name="ObjectProperties" is-config="true" duration-ms="0" started-at="2021-05-08T15:35:19Z" finished-at="2021-05-08T15:35:19Z">
          <reporter-output>
          </reporter-output>
        </test-method> <!-- ObjectProperties -->
        <test-method status="PASS" signature="SearchHotel(java.lang.String, java.lang.String)[pri:0, instance:com.hotelApp.testCases.Login_SearchHotel@4cf777e8]" name="SearchHotel" duration-ms="7262" started-at="2021-05-08T15:35:19Z" data-provider="fetchData" finished-at="2021-05-08T15:35:26Z">
          <params>
            <param index="0">
              <value>
                <![CDATA[Caretest]]>
              </value>
            </param>
            <param index="1">
              <value>
                <![CDATA[Test@123]]>
              </value>
            </param>
          </params>
          <reporter-output>
            <line>
              <![CDATA[Entered UserName Successfully]]>
            </line>
            <line>
              <![CDATA[Password Entered Successfully]]>
            </line>
            <line>
              <![CDATA[Login Button Is Clicked Successfully]]>
            </line>
            <line>
              <![CDATA[The Element With //select[@id='location'] Is Selected Index Values is 2]]>
            </line>
            <line>
              <![CDATA[The Element With //select[@id='hotels'] Is Selected Index Values is 1]]>
            </line>
            <line>
              <![CDATA[The Element With //select[@id='room_type'] Is Selected Index Values is 3]]>
            </line>
            <line>
              <![CDATA[The Element With //select[@id='room_nos'] Is Selected Index Values is 5]]>
            </line>
            <line>
              <![CDATA[The data: 10/05/2021 entered successfully in field ://input[@id='datepick_in']]]>
            </line>
            <line>
              <![CDATA[The data: 15/05/2021 entered successfully in field ://input[@id='datepick_out']]]>
            </line>
            <line>
              <![CDATA[The Element With //select[@id='adult_room'] Is Selected Index Values is 2]]>
            </line>
            <line>
              <![CDATA[The Element With //select[@id='child_room'] Is Selected Index Values is 2]]>
            </line>
            <line>
              <![CDATA[Search Option Is Clicked Successfully]]>
            </line>
            <line>
              <![CDATA[Hotel Is Clicked Successfully]]>
            </line>
            <line>
              <![CDATA[Continue Is Clicked Successfully]]>
            </line>
          </reporter-output>
        </test-method> <!-- SearchHotel -->
        <test-method status="PASS" signature="tearDown()[pri:0, instance:com.hotelApp.testCases.Login_SearchHotel@4cf777e8]" name="tearDown" is-config="true" duration-ms="144" started-at="2021-05-08T15:35:26Z" finished-at="2021-05-08T15:35:27Z">
          <reporter-output>
          </reporter-output>
        </test-method> <!-- tearDown -->
        <test-method status="PASS" signature="endResult()[pri:0, instance:com.hotelApp.testCases.Login_SearchHotel@4cf777e8]" name="endResult" is-config="true" duration-ms="84" started-at="2021-05-08T15:35:27Z" finished-at="2021-05-08T15:35:27Z">
          <reporter-output>
          </reporter-output>
        </test-method> <!-- endResult -->
      </class> <!-- com.hotelApp.testCases.Login_SearchHotel -->
    </test> <!-- Search Hotel -->
  </suite> <!-- Suite (1) -->
  <suite name="Suite (0)" duration-ms="4785" started-at="2021-05-08T10:05:06Z" finished-at="2021-05-08T10:05:11Z">
    <groups>
    </groups>
    <test name="Login Test" duration-ms="4785" started-at="2021-05-08T10:05:06Z" finished-at="2021-05-08T10:05:11Z">
      <class name="com.hotelApp.testCases.LoginTest">
        <test-method status="PASS" signature="launchBrowser()[pri:0, instance:com.hotelApp.testCases.LoginTest@53b32d7]" name="launchBrowser" is-config="true" duration-ms="7128" started-at="2021-05-08T15:34:59Z" finished-at="2021-05-08T15:35:06Z">
          <reporter-output>
          </reporter-output>
        </test-method> <!-- launchBrowser -->
        <test-method status="PASS" signature="extentConfig()[pri:0, instance:com.hotelApp.testCases.LoginTest@53b32d7]" name="extentConfig" is-config="true" duration-ms="175" started-at="2021-05-08T15:35:06Z" finished-at="2021-05-08T15:35:06Z">
          <reporter-output>
          </reporter-output>
        </test-method> <!-- extentConfig -->
        <test-method status="PASS" signature="setValue()[pri:0, instance:com.hotelApp.testCases.LoginTest@53b32d7]" name="setValue" is-config="true" duration-ms="0" started-at="2021-05-08T15:35:06Z" finished-at="2021-05-08T15:35:06Z">
          <reporter-output>
          </reporter-output>
        </test-method> <!-- setValue -->
        <test-method status="PASS" signature="ObjectProperties()[pri:0, instance:com.hotelApp.testCases.LoginTest@53b32d7]" name="ObjectProperties" is-config="true" duration-ms="5" started-at="2021-05-08T15:35:07Z" finished-at="2021-05-08T15:35:07Z">
          <reporter-output>
          </reporter-output>
        </test-method> <!-- ObjectProperties -->
        <test-method status="PASS" signature="login(java.lang.String, java.lang.String)[pri:0, instance:com.hotelApp.testCases.LoginTest@53b32d7]" name="login" duration-ms="3473" started-at="2021-05-08T15:35:07Z" data-provider="fetchData" finished-at="2021-05-08T15:35:11Z">
          <params>
            <param index="0">
              <value>
                <![CDATA[Caretest]]>
              </value>
            </param>
            <param index="1">
              <value>
                <![CDATA[Test@123]]>
              </value>
            </param>
          </params>
          <reporter-output>
            <line>
              <![CDATA[User Name Entered Successfully]]>
            </line>
            <line>
              <![CDATA[Password Entered Successfully]]>
            </line>
            <line>
              <![CDATA[Login Is Clicked Successfully]]>
            </line>
          </reporter-output>
        </test-method> <!-- login -->
        <test-method status="PASS" signature="tearDown()[pri:0, instance:com.hotelApp.testCases.LoginTest@53b32d7]" name="tearDown" is-config="true" duration-ms="169" started-at="2021-05-08T15:35:11Z" finished-at="2021-05-08T15:35:11Z">
          <reporter-output>
          </reporter-output>
        </test-method> <!-- tearDown -->
        <test-method status="PASS" signature="endResult()[pri:0, instance:com.hotelApp.testCases.LoginTest@53b32d7]" name="endResult" is-config="true" duration-ms="453" started-at="2021-05-08T15:35:11Z" finished-at="2021-05-08T15:35:11Z">
          <reporter-output>
          </reporter-output>
        </test-method> <!-- endResult -->
      </class> <!-- com.hotelApp.testCases.LoginTest -->
    </test> <!-- Login Test -->
  </suite> <!-- Suite (0) -->
  <suite name="Suite (4)" duration-ms="29450" started-at="2021-05-08T10:06:19Z" finished-at="2021-05-08T10:06:48Z">
    <groups>
    </groups>
    <test name="Book Two Hotels" duration-ms="29450" started-at="2021-05-08T10:06:19Z" finished-at="2021-05-08T10:06:48Z">
      <class name="com.hotelApp.testCases.Login_BookHotel2">
        <test-method status="PASS" signature="launchBrowser()[pri:0, instance:com.hotelApp.testCases.Login_BookHotel2@ff5b51f]" name="launchBrowser" is-config="true" duration-ms="5969" started-at="2021-05-08T15:36:13Z" finished-at="2021-05-08T15:36:19Z">
          <reporter-output>
          </reporter-output>
        </test-method> <!-- launchBrowser -->
        <test-method status="PASS" signature="extentConfig()[pri:0, instance:com.hotelApp.testCases.Login_BookHotel2@ff5b51f]" name="extentConfig" is-config="true" duration-ms="3" started-at="2021-05-08T15:36:19Z" finished-at="2021-05-08T15:36:19Z">
          <reporter-output>
          </reporter-output>
        </test-method> <!-- extentConfig -->
        <test-method status="PASS" signature="setValues()[pri:0, instance:com.hotelApp.testCases.Login_BookHotel2@ff5b51f]" name="setValues" is-config="true" duration-ms="0" started-at="2021-05-08T15:36:19Z" finished-at="2021-05-08T15:36:19Z">
          <reporter-output>
          </reporter-output>
        </test-method> <!-- setValues -->
        <test-method status="PASS" signature="ObjectProperties()[pri:0, instance:com.hotelApp.testCases.Login_BookHotel2@ff5b51f]" name="ObjectProperties" is-config="true" duration-ms="1" started-at="2021-05-08T15:36:19Z" finished-at="2021-05-08T15:36:19Z">
          <reporter-output>
          </reporter-output>
        </test-method> <!-- ObjectProperties -->
        <test-method status="PASS" signature="SearchHotel(java.lang.String, java.lang.String, java.lang.String, java.lang.String, java.lang.String, java.lang.String, java.lang.String)[pri:0, instance:com.hotelApp.testCases.Login_BookHotel2@ff5b51f]" name="SearchHotel" duration-ms="29209" started-at="2021-05-08T15:36:19Z" data-provider="fetchData" finished-at="2021-05-08T15:36:48Z">
          <params>
            <param index="0">
              <value>
                <![CDATA[Caretest]]>
              </value>
            </param>
            <param index="1">
              <value>
                <![CDATA[Test@123]]>
              </value>
            </param>
            <param index="2">
              <value>
                <![CDATA[User]]>
              </value>
            </param>
            <param index="3">
              <value>
                <![CDATA[Demo]]>
              </value>
            </param>
            <param index="4">
              <value>
                <![CDATA[Chennai]]>
              </value>
            </param>
            <param index="5">
              <value>
                <![CDATA[4444555566661111]]>
              </value>
            </param>
            <param index="6">
              <value>
                <![CDATA[1234]]>
              </value>
            </param>
          </params>
          <reporter-output>
            <line>
              <![CDATA[Entered UserName Successfully]]>
            </line>
            <line>
              <![CDATA[Password Entered Successfully]]>
            </line>
            <line>
              <![CDATA[Login Button Is Clicked Successfully]]>
            </line>
            <line>
              <![CDATA[The Element With //select[@id='location'] Is Selected Index Values is 2]]>
            </line>
            <line>
              <![CDATA[The Element With //select[@id='hotels'] Is Selected Index Values is 1]]>
            </line>
            <line>
              <![CDATA[The Element With //select[@id='room_type'] Is Selected Index Values is 3]]>
            </line>
            <line>
              <![CDATA[The Element With //select[@id='room_nos'] Is Selected Index Values is 5]]>
            </line>
            <line>
              <![CDATA[The data: 10/05/2021 entered successfully in field ://input[@id='datepick_in']]]>
            </line>
            <line>
              <![CDATA[The data: 15/05/2021 entered successfully in field ://input[@id='datepick_out']]]>
            </line>
            <line>
              <![CDATA[The Element With //select[@id='adult_room'] Is Selected Index Values is 2]]>
            </line>
            <line>
              <![CDATA[The Element With //select[@id='child_room'] Is Selected Index Values is 2]]>
            </line>
            <line>
              <![CDATA[Search Option Is Clicked Successfully]]>
            </line>
            <line>
              <![CDATA[Hotel Is Clicked Successfully]]>
            </line>
            <line>
              <![CDATA[Continue Is Clicked Successfully]]>
            </line>
            <line>
              <![CDATA[The data: User entered successfully in field ://input[@id='first_name']]]>
            </line>
            <line>
              <![CDATA[The data: Demo entered successfully in field ://input[@id='last_name']]]>
            </line>
            <line>
              <![CDATA[The data: Chennai entered successfully in field ://textarea[@id='address']]]>
            </line>
            <line>
              <![CDATA[The data: 4444555566661111 entered successfully in field ://input[@id='cc_num']]]>
            </line>
            <line>
              <![CDATA[The Element With //select[@id='cc_type'] Is Selected Index Values is 2]]>
            </line>
            <line>
              <![CDATA[The Element With //select[@id='cc_exp_month'] Is Selected Index Values is 2]]>
            </line>
            <line>
              <![CDATA[The Element With //select[@id='cc_exp_year'] Is Selected Index Values is 12]]>
            </line>
            <line>
              <![CDATA[The data: 1234 entered successfully in field ://input[@id='cc_cvv']]]>
            </line>
            <line>
              <![CDATA[BookNow Option Is Clicked Successfully]]>
            </line>
            <line>
              <![CDATA[Search Option Is Clicked Successfully]]>
            </line>
            <line>
              <![CDATA[The Element With //select[@id='location'] Is Selected Index Values is 2]]>
            </line>
            <line>
              <![CDATA[The Element With //select[@id='hotels'] Is Selected Index Values is 1]]>
            </line>
            <line>
              <![CDATA[The Element With //select[@id='room_type'] Is Selected Index Values is 3]]>
            </line>
            <line>
              <![CDATA[The Element With //select[@id='room_nos'] Is Selected Index Values is 5]]>
            </line>
            <line>
              <![CDATA[The data: 10/05/2021 entered successfully in field ://input[@id='datepick_in']]]>
            </line>
            <line>
              <![CDATA[The data: 15/05/2021 entered successfully in field ://input[@id='datepick_out']]]>
            </line>
            <line>
              <![CDATA[The Element With //select[@id='adult_room'] Is Selected Index Values is 2]]>
            </line>
            <line>
              <![CDATA[The Element With //select[@id='child_room'] Is Selected Index Values is 2]]>
            </line>
            <line>
              <![CDATA[Search Option Is Clicked Successfully]]>
            </line>
            <line>
              <![CDATA[Hotel Is Clicked Successfully]]>
            </line>
            <line>
              <![CDATA[Continue Is Clicked Successfully]]>
            </line>
            <line>
              <![CDATA[The data: User entered successfully in field ://input[@id='first_name']]]>
            </line>
            <line>
              <![CDATA[The data: Demo entered successfully in field ://input[@id='last_name']]]>
            </line>
            <line>
              <![CDATA[The data: Chennai entered successfully in field ://textarea[@id='address']]]>
            </line>
            <line>
              <![CDATA[The data: 4444555566661111 entered successfully in field ://input[@id='cc_num']]]>
            </line>
            <line>
              <![CDATA[The Element With //select[@id='cc_type'] Is Selected Index Values is 2]]>
            </line>
            <line>
              <![CDATA[The Element With //select[@id='cc_exp_month'] Is Selected Index Values is 2]]>
            </line>
            <line>
              <![CDATA[The Element With //select[@id='cc_exp_year'] Is Selected Index Values is 12]]>
            </line>
            <line>
              <![CDATA[The data: 1234 entered successfully in field ://input[@id='cc_cvv']]]>
            </line>
            <line>
              <![CDATA[BookNow Option Is Clicked Successfully]]>
            </line>
            <line>
              <![CDATA[MyItinerary Option Is Clicked Successfully]]>
            </line>
            <line>
              <![CDATA[The data: 2XI7F64S1G entered successfully in field ://input[@id='order_id_text']]]>
            </line>
            <line>
              <![CDATA[Go Option Is Clicked Successfully]]>
            </line>
          </reporter-output>
        </test-method> <!-- SearchHotel -->
        <test-method status="PASS" signature="tearDown()[pri:0, instance:com.hotelApp.testCases.Login_BookHotel2@ff5b51f]" name="tearDown" is-config="true" duration-ms="196" started-at="2021-05-08T15:36:48Z" finished-at="2021-05-08T15:36:48Z">
          <reporter-output>
          </reporter-output>
        </test-method> <!-- tearDown -->
        <test-method status="PASS" signature="endResult()[pri:0, instance:com.hotelApp.testCases.Login_BookHotel2@ff5b51f]" name="endResult" is-config="true" duration-ms="77" started-at="2021-05-08T15:36:48Z" finished-at="2021-05-08T15:36:48Z">
          <reporter-output>
          </reporter-output>
        </test-method> <!-- endResult -->
      </class> <!-- com.hotelApp.testCases.Login_BookHotel2 -->
    </test> <!-- Book Two Hotels -->
  </suite> <!-- Suite (4) -->
  <suite name="Suite (3)" duration-ms="23673" started-at="2021-05-08T10:05:49Z" finished-at="2021-05-08T10:06:13Z">
    <groups>
    </groups>
    <test name="Cancel Booking" duration-ms="23673" started-at="2021-05-08T10:05:49Z" finished-at="2021-05-08T10:06:13Z">
      <class name="com.hotelApp.testCases.Login_Cancel_Booking">
        <test-method status="PASS" signature="launchBrowser()[pri:0, instance:com.hotelApp.testCases.Login_Cancel_Booking@6e06451e]" name="launchBrowser" is-config="true" duration-ms="6650" started-at="2021-05-08T15:35:42Z" finished-at="2021-05-08T15:35:49Z">
          <reporter-output>
          </reporter-output>
        </test-method> <!-- launchBrowser -->
        <test-method status="PASS" signature="extentConfig()[pri:0, instance:com.hotelApp.testCases.Login_Cancel_Booking@6e06451e]" name="extentConfig" is-config="true" duration-ms="3" started-at="2021-05-08T15:35:49Z" finished-at="2021-05-08T15:35:49Z">
          <reporter-output>
          </reporter-output>
        </test-method> <!-- extentConfig -->
        <test-method status="PASS" signature="setValue()[pri:0, instance:com.hotelApp.testCases.Login_Cancel_Booking@6e06451e]" name="setValue" is-config="true" duration-ms="0" started-at="2021-05-08T15:35:49Z" finished-at="2021-05-08T15:35:49Z">
          <reporter-output>
          </reporter-output>
        </test-method> <!-- setValue -->
        <test-method status="PASS" signature="ObjectProperties()[pri:0, instance:com.hotelApp.testCases.Login_Cancel_Booking@6e06451e]" name="ObjectProperties" is-config="true" duration-ms="0" started-at="2021-05-08T15:35:49Z" finished-at="2021-05-08T15:35:49Z">
          <reporter-output>
          </reporter-output>
        </test-method> <!-- ObjectProperties -->
        <test-method status="PASS" signature="SearchHotel(java.lang.String, java.lang.String, java.lang.String, java.lang.String, java.lang.String, java.lang.String, java.lang.String)[pri:0, instance:com.hotelApp.testCases.Login_Cancel_Booking@6e06451e]" name="SearchHotel" duration-ms="23392" started-at="2021-05-08T15:35:49Z" data-provider="fetchData" finished-at="2021-05-08T15:36:13Z">
          <params>
            <param index="0">
              <value>
                <![CDATA[Caretest]]>
              </value>
            </param>
            <param index="1">
              <value>
                <![CDATA[Test@123]]>
              </value>
            </param>
            <param index="2">
              <value>
                <![CDATA[User]]>
              </value>
            </param>
            <param index="3">
              <value>
                <![CDATA[Demo]]>
              </value>
            </param>
            <param index="4">
              <value>
                <![CDATA[Chennai]]>
              </value>
            </param>
            <param index="5">
              <value>
                <![CDATA[4444555566661111]]>
              </value>
            </param>
            <param index="6">
              <value>
                <![CDATA[1234]]>
              </value>
            </param>
          </params>
          <reporter-output>
            <line>
              <![CDATA[Entered UserName Successfully]]>
            </line>
            <line>
              <![CDATA[Password Entered Successfully]]>
            </line>
            <line>
              <![CDATA[Login Button Is Clicked Successfully]]>
            </line>
            <line>
              <![CDATA[The Element With //select[@id='location'] Is Selected Index Values is 2]]>
            </line>
            <line>
              <![CDATA[The Element With //select[@id='hotels'] Is Selected Index Values is 1]]>
            </line>
            <line>
              <![CDATA[The Element With //select[@id='room_type'] Is Selected Index Values is 3]]>
            </line>
            <line>
              <![CDATA[The Element With //select[@id='room_nos'] Is Selected Index Values is 5]]>
            </line>
            <line>
              <![CDATA[The data: 10/05/2021 entered successfully in field ://input[@id='datepick_in']]]>
            </line>
            <line>
              <![CDATA[The data: 15/05/2021 entered successfully in field ://input[@id='datepick_out']]]>
            </line>
            <line>
              <![CDATA[The Element With //select[@id='adult_room'] Is Selected Index Values is 2]]>
            </line>
            <line>
              <![CDATA[The Element With //select[@id='child_room'] Is Selected Index Values is 2]]>
            </line>
            <line>
              <![CDATA[Search Option Is Clicked Successfully]]>
            </line>
            <line>
              <![CDATA[Hotel Is Clicked Successfully]]>
            </line>
            <line>
              <![CDATA[Continue Is Clicked Successfully]]>
            </line>
            <line>
              <![CDATA[The data: User entered successfully in field ://input[@id='first_name']]]>
            </line>
            <line>
              <![CDATA[The data: Demo entered successfully in field ://input[@id='last_name']]]>
            </line>
            <line>
              <![CDATA[The data: Chennai entered successfully in field ://textarea[@id='address']]]>
            </line>
            <line>
              <![CDATA[The data: 4444555566661111 entered successfully in field ://input[@id='cc_num']]]>
            </line>
            <line>
              <![CDATA[The Element With //select[@id='cc_type'] Is Selected Index Values is 2]]>
            </line>
            <line>
              <![CDATA[The Element With //select[@id='cc_exp_month'] Is Selected Index Values is 2]]>
            </line>
            <line>
              <![CDATA[The Element With //select[@id='cc_exp_year'] Is Selected Index Values is 12]]>
            </line>
            <line>
              <![CDATA[The data: 1234 entered successfully in field ://input[@id='cc_cvv']]]>
            </line>
            <line>
              <![CDATA[BookNow Option Is Clicked Successfully]]>
            </line>
            <line>
              <![CDATA[MyItinerary Option Is Clicked Successfully]]>
            </line>
            <line>
              <![CDATA[The data: DW88XD9JF8 entered successfully in field ://input[@id='order_id_text']]]>
            </line>
            <line>
              <![CDATA[Go Option Is Clicked Successfully]]>
            </line>
            <line>
              <![CDATA[Cancel ID Is Clicked]]>
            </line>
            <line>
              <![CDATA[Cancel option Is Clicked]]>
            </line>
            <line>
              <![CDATA[Logout option Is Clicked]]>
            </line>
            <line>
              <![CDATA[Actual Result Is You have successfully logged out. Click here to login again Matched with Expected]]>
            </line>
          </reporter-output>
        </test-method> <!-- SearchHotel -->
        <test-method status="PASS" signature="tearDown()[pri:0, instance:com.hotelApp.testCases.Login_Cancel_Booking@6e06451e]" name="tearDown" is-config="true" duration-ms="213" started-at="2021-05-08T15:36:13Z" finished-at="2021-05-08T15:36:13Z">
          <reporter-output>
          </reporter-output>
        </test-method> <!-- tearDown -->
        <test-method status="PASS" signature="endResult()[pri:0, instance:com.hotelApp.testCases.Login_Cancel_Booking@6e06451e]" name="endResult" is-config="true" duration-ms="93" started-at="2021-05-08T15:36:13Z" finished-at="2021-05-08T15:36:13Z">
          <reporter-output>
          </reporter-output>
        </test-method> <!-- endResult -->
      </class> <!-- com.hotelApp.testCases.Login_Cancel_Booking -->
    </test> <!-- Cancel Booking -->
  </suite> <!-- Suite (3) -->
  <suite name="Suite (2)" duration-ms="10223" started-at="2021-05-08T10:05:32Z" finished-at="2021-05-08T10:05:42Z">
    <groups>
    </groups>
    <test name="Book Hotel" duration-ms="10223" started-at="2021-05-08T10:05:32Z" finished-at="2021-05-08T10:05:42Z">
      <class name="com.hotelApp.testCases.Login_BookHotel">
        <test-method status="PASS" signature="launchBrowser()[pri:0, instance:com.hotelApp.testCases.Login_BookHotel@e45f292]" name="launchBrowser" is-config="true" duration-ms="5427" started-at="2021-05-08T15:35:27Z" finished-at="2021-05-08T15:35:32Z">
          <reporter-output>
          </reporter-output>
        </test-method> <!-- launchBrowser -->
        <test-method status="PASS" signature="extentConfig()[pri:0, instance:com.hotelApp.testCases.Login_BookHotel@e45f292]" name="extentConfig" is-config="true" duration-ms="8" started-at="2021-05-08T15:35:32Z" finished-at="2021-05-08T15:35:32Z">
          <reporter-output>
          </reporter-output>
        </test-method> <!-- extentConfig -->
        <test-method status="PASS" signature="setValues()[pri:0, instance:com.hotelApp.testCases.Login_BookHotel@e45f292]" name="setValues" is-config="true" duration-ms="0" started-at="2021-05-08T15:35:32Z" finished-at="2021-05-08T15:35:32Z">
          <reporter-output>
          </reporter-output>
        </test-method> <!-- setValues -->
        <test-method status="PASS" signature="ObjectProperties()[pri:0, instance:com.hotelApp.testCases.Login_BookHotel@e45f292]" name="ObjectProperties" is-config="true" duration-ms="1" started-at="2021-05-08T15:35:32Z" finished-at="2021-05-08T15:35:32Z">
          <reporter-output>
          </reporter-output>
        </test-method> <!-- ObjectProperties -->
        <test-method status="PASS" signature="SearchHotel(java.lang.String, java.lang.String, java.lang.String, java.lang.String, java.lang.String, java.lang.String, java.lang.String)[pri:0, instance:com.hotelApp.testCases.Login_BookHotel@e45f292]" name="SearchHotel" duration-ms="9765" started-at="2021-05-08T15:35:32Z" data-provider="fetchData" finished-at="2021-05-08T15:35:42Z">
          <params>
            <param index="0">
              <value>
                <![CDATA[Caretest]]>
              </value>
            </param>
            <param index="1">
              <value>
                <![CDATA[Test@123]]>
              </value>
            </param>
            <param index="2">
              <value>
                <![CDATA[User]]>
              </value>
            </param>
            <param index="3">
              <value>
                <![CDATA[Demo]]>
              </value>
            </param>
            <param index="4">
              <value>
                <![CDATA[Chennai]]>
              </value>
            </param>
            <param index="5">
              <value>
                <![CDATA[4444555566661111]]>
              </value>
            </param>
            <param index="6">
              <value>
                <![CDATA[1234]]>
              </value>
            </param>
          </params>
          <reporter-output>
            <line>
              <![CDATA[Entered UserName Successfully]]>
            </line>
            <line>
              <![CDATA[Password Entered Successfully]]>
            </line>
            <line>
              <![CDATA[Login Button Is Clicked Successfully]]>
            </line>
            <line>
              <![CDATA[The Element With //select[@id='location'] Is Selected Index Values is 2]]>
            </line>
            <line>
              <![CDATA[The Element With //select[@id='hotels'] Is Selected Index Values is 1]]>
            </line>
            <line>
              <![CDATA[The Element With //select[@id='room_type'] Is Selected Index Values is 3]]>
            </line>
            <line>
              <![CDATA[The Element With //select[@id='room_nos'] Is Selected Index Values is 5]]>
            </line>
            <line>
              <![CDATA[The data: 10/05/2021 entered successfully in field ://input[@id='datepick_in']]]>
            </line>
            <line>
              <![CDATA[The data: 15/05/2021 entered successfully in field ://input[@id='datepick_out']]]>
            </line>
            <line>
              <![CDATA[The Element With //select[@id='adult_room'] Is Selected Index Values is 2]]>
            </line>
            <line>
              <![CDATA[The Element With //select[@id='child_room'] Is Selected Index Values is 2]]>
            </line>
            <line>
              <![CDATA[Search Option Is Clicked Successfully]]>
            </line>
            <line>
              <![CDATA[Hotel Is Clicked Successfully]]>
            </line>
            <line>
              <![CDATA[Continue Is Clicked Successfully]]>
            </line>
            <line>
              <![CDATA[The data: User entered successfully in field ://input[@id='first_name']]]>
            </line>
            <line>
              <![CDATA[The data: Demo entered successfully in field ://input[@id='last_name']]]>
            </line>
            <line>
              <![CDATA[The data: Chennai entered successfully in field ://textarea[@id='address']]]>
            </line>
            <line>
              <![CDATA[The data: 4444555566661111 entered successfully in field ://input[@id='cc_num']]]>
            </line>
            <line>
              <![CDATA[The Element With //select[@id='cc_type'] Is Selected Index Values is 2]]>
            </line>
            <line>
              <![CDATA[The Element With //select[@id='cc_exp_month'] Is Selected Index Values is 2]]>
            </line>
            <line>
              <![CDATA[The Element With //select[@id='cc_exp_year'] Is Selected Index Values is 12]]>
            </line>
            <line>
              <![CDATA[The data: 1234 entered successfully in field ://input[@id='cc_cvv']]]>
            </line>
            <line>
              <![CDATA[BookNow Option Is Clicked Successfully]]>
            </line>
          </reporter-output>
        </test-method> <!-- SearchHotel -->
        <test-method status="PASS" signature="tearDown()[pri:0, instance:com.hotelApp.testCases.Login_BookHotel@e45f292]" name="tearDown" is-config="true" duration-ms="398" started-at="2021-05-08T15:35:42Z" finished-at="2021-05-08T15:35:42Z">
          <reporter-output>
          </reporter-output>
        </test-method> <!-- tearDown -->
        <test-method status="PASS" signature="endResult()[pri:0, instance:com.hotelApp.testCases.Login_BookHotel@e45f292]" name="endResult" is-config="true" duration-ms="74" started-at="2021-05-08T15:35:42Z" finished-at="2021-05-08T15:35:42Z">
          <reporter-output>
          </reporter-output>
        </test-method> <!-- endResult -->
      </class> <!-- com.hotelApp.testCases.Login_BookHotel -->
    </test> <!-- Book Hotel -->
  </suite> <!-- Suite (2) -->
</testng-results>
