<?xml version="1.0" encoding="UTF-8"?>
<!-- Generated by org.testng.reporters.JUnitXMLReporter -->
<testsuite hostname="DESKTOP-HUEL8MO" name="Book and Cancel Hotel" tests="1" failures="0" timestamp="8 May 2021 07:20:17 GMT" time="0.062" errors="0">
  <testcase name="@BeforeMethod ObjectProperties" time="0.0" classname="com.hotelApp.testCases.Login_Cancel_Booking">
    <failure type="java.lang.NullPointerException">
      <![CDATA[java.lang.NullPointerException
	at com.hotelApp.basePage.CommonFuntions.startTestCase(CommonFuntions.java:80)
	at com.hotelApp.basePage.CommonFuntions.ObjectProperties(CommonFuntions.java:101)
	at java.util.concurrent.ThreadPoolExecutor.runWorker(ThreadPoolExecutor.java:1149)
	at java.util.concurrent.ThreadPoolExecutor$Worker.run(ThreadPoolExecutor.java:624)
	at java.lang.Thread.run(Thread.java:748)
... Removed 12 stack frames]]>
    </failure>
  </testcase> <!-- @BeforeMethod ObjectProperties -->
  <testcase name="@AfterMethod tearDown" time="0.0" classname="com.hotelApp.testCases.Login_Cancel_Booking">
    <skipped/>
  </testcase> <!-- @AfterMethod tearDown -->
  <testcase name="SearchHotel" time="0.015" classname="com.hotelApp.testCases.Login_Cancel_Booking">
    <skipped/>
  </testcase> <!-- SearchHotel -->
</testsuite> <!-- Book and Cancel Hotel -->
