<?xml version="1.0" encoding="UTF-8"?>
<!-- Generated by org.testng.reporters.JUnitXMLReporter -->
<testsuite hostname="DESKTOP-HUEL8MO" name="Test All" tests="5" failures="5" timestamp="8 May 2021 07:28:52 GMT" time="0.069" errors="0">
  <testcase name="@BeforeTest ObjectProperties" time="0.0" classname="com.hotelApp.testCases.LoginTest">
    <failure type="java.lang.IllegalArgumentException" message="testName cannot be null or empty">
      <![CDATA[java.lang.IllegalArgumentException: testName cannot be null or empty
	at com.aventstack.extentreports.ExtentTest.<init>(ExtentTest.java:49)
	at com.aventstack.extentreports.ExtentTest.<init>(ExtentTest.java:62)
	at com.aventstack.extentreports.ExtentReports.createTest(ExtentReports.java:228)
	at com.hotelApp.basePage.CommonFuntions.startTestCase(CommonFuntions.java:81)
	at com.hotelApp.basePage.CommonFuntions.ObjectProperties(CommonFuntions.java:102)
... Removed 23 stack frames]]>
    </failure>
  </testcase> <!-- @BeforeTest ObjectProperties -->
  <testcase name="@BeforeClass setValue" time="0.0" classname="com.hotelApp.testCases.LoginTest">
    <skipped/>
  </testcase> <!-- @BeforeClass setValue -->
  <testcase name="@BeforeClass setValue" time="0.0" classname="com.hotelApp.testCases.Login_SearchHotel">
    <skipped/>
  </testcase> <!-- @BeforeClass setValue -->
  <testcase name="@BeforeClass setValues" time="0.0" classname="com.hotelApp.testCases.Login_BookHotel">
    <skipped/>
  </testcase> <!-- @BeforeClass setValues -->
  <testcase name="@BeforeClass setValue" time="0.0" classname="com.hotelApp.testCases.Login_Cancel_Booking">
    <skipped/>
  </testcase> <!-- @BeforeClass setValue -->
  <testcase name="@BeforeClass setValues" time="0.0" classname="com.hotelApp.testCases.Login_BookHotel2">
    <skipped/>
  </testcase> <!-- @BeforeClass setValues -->
  <testcase name="login" time="0.022" classname="com.hotelApp.testCases.LoginTest">
    <failure type="java.lang.NullPointerException">
      <![CDATA[java.lang.NullPointerException
... Removed 20 stack frames]]>
    </failure>
  </testcase> <!-- login -->
  <testcase name="SearchHotel" time="0.0" classname="com.hotelApp.testCases.Login_SearchHotel">
    <failure type="java.lang.NullPointerException">
      <![CDATA[java.lang.NullPointerException
... Removed 20 stack frames]]>
    </failure>
  </testcase> <!-- SearchHotel -->
  <testcase name="SearchHotel" time="0.016" classname="com.hotelApp.testCases.Login_BookHotel">
    <failure type="java.lang.NullPointerException">
      <![CDATA[java.lang.NullPointerException
... Removed 20 stack frames]]>
    </failure>
  </testcase> <!-- SearchHotel -->
  <testcase name="SearchHotel" time="0.0" classname="com.hotelApp.testCases.Login_Cancel_Booking">
    <failure type="java.lang.NullPointerException">
      <![CDATA[java.lang.NullPointerException
... Removed 20 stack frames]]>
    </failure>
  </testcase> <!-- SearchHotel -->
  <testcase name="SearchHotel" time="0.0" classname="com.hotelApp.testCases.Login_BookHotel2">
    <failure type="java.lang.NullPointerException">
      <![CDATA[java.lang.NullPointerException
... Removed 20 stack frames]]>
    </failure>
  </testcase> <!-- SearchHotel -->
</testsuite> <!-- Test All -->
