<?xml version="1.0" encoding="UTF-8"?>
<!-- Generated by org.testng.reporters.JUnitXMLReporter -->
<testsuite hostname="DESKTOP-HUEL8MO" name="Test" tests="5" failures="3" timestamp="8 May 2021 06:59:14 GMT" time="3.414" errors="0">
  <testcase name="@BeforeMethod ObjectProperties" time="0.0" classname="com.hotelApp.testCases.Login_SearchHotel">
    <failure type="java.lang.NullPointerException">
      <![CDATA[java.lang.NullPointerException
	at com.hotelApp.basePage.CommonFuntions.startTestCase(CommonFuntions.java:80)
	at com.hotelApp.basePage.CommonFuntions.ObjectProperties(CommonFuntions.java:101)
... Removed 27 stack frames]]>
    </failure>
  </testcase> <!-- @BeforeMethod ObjectProperties -->
  <testcase name="@AfterMethod tearDown" time="0.0" classname="com.hotelApp.testCases.Login_SearchHotel">
    <skipped/>
  </testcase> <!-- @AfterMethod tearDown -->
  <testcase name="@BeforeClass setValues" time="0.0" classname="com.hotelApp.testCases.Login_BookHotel">
    <skipped/>
  </testcase> <!-- @BeforeClass setValues -->
  <testcase name="@BeforeClass setValues" time="0.0" classname="com.hotelApp.testCases.Login_BookHotel2">
    <skipped/>
  </testcase> <!-- @BeforeClass setValues -->
  <testcase name="@BeforeClass setValue" time="0.0" classname="com.hotelApp.testCases.Login_Cancel_Booking">
    <skipped/>
  </testcase> <!-- @BeforeClass setValue -->
  <testcase name="login" time="2.204" classname="com.hotelApp.testCases.LoginTest"/>
  <testcase name="SearchHotel" time="0.01" classname="com.hotelApp.testCases.Login_SearchHotel">
    <skipped/>
  </testcase> <!-- SearchHotel -->
  <testcase name="SearchHotel" time="0.02" classname="com.hotelApp.testCases.Login_BookHotel">
    <failure type="java.lang.NullPointerException">
      <![CDATA[java.lang.NullPointerException
... Removed 20 stack frames]]>
    </failure>
  </testcase> <!-- SearchHotel -->
  <testcase name="SearchHotel" time="0.012" classname="com.hotelApp.testCases.Login_BookHotel2">
    <failure type="java.lang.NullPointerException">
      <![CDATA[java.lang.NullPointerException
... Removed 20 stack frames]]>
    </failure>
  </testcase> <!-- SearchHotel -->
  <testcase name="SearchHotel" time="0.002" classname="com.hotelApp.testCases.Login_Cancel_Booking">
    <failure type="java.lang.NullPointerException">
      <![CDATA[java.lang.NullPointerException
... Removed 20 stack frames]]>
    </failure>
  </testcase> <!-- SearchHotel -->
</testsuite> <!-- Test -->
